<?xml version="1.0" encoding="UTF-8"?>
<!-- Generated by org.testng.reporters.JUnitXMLReporter -->
<testsuite ignored="0" hostname="DESKTOP-NHDJ7D7" failures="0" tests="4" name="Test" time="55.887" errors="0" timestamp="02 Mar 2020 13:45:28 GMT">
  <testcase classname="dockerValidationWINMC.chromeTest1" name="Test1" time="6.837"/>
  <testcase classname="dockerValidationWINMC.chromeTest2" name="Test2" time="1.83"/>
  <testcase classname="dockerValidationWINMC.chromeTest3" name="Test3" time="6.987"/>
  <testcase classname="dockerValidationWINMC.firefoxTest1" name="Test1" time="20.634"/>
</testsuite> <!-- Test -->
