<?xml version="1.0" encoding="UTF-8"?>
<!-- Generated by org.testng.reporters.JUnitXMLReporter -->
<testsuite hostname="DESKTOP-NHDJ7D7" ignored="0" name="Test" tests="4" failures="0" timestamp="26 May 2020 10:39:46 GMT" time="114.752" errors="0">
  <testcase name="Test1" time="13.355" classname="dockerValidationWINMC.chromeTest1"/>
  <testcase name="Test2" time="15.715" classname="dockerValidationWINMC.chromeTest2"/>
  <testcase name="Test3" time="10.239" classname="dockerValidationWINMC.chromeTest3"/>
  <testcase name="Test1" time="55.9" classname="dockerValidationWINMC.firefoxTest1"/>
</testsuite> <!-- Test -->
